<?xml version="1.0" encoding="UTF-8"?>
<coverage generated="1717334921808" clover="3.2.0">
  <project timestamp="1717334921809" name="All files">
    <metrics statements="11" coveredstatements="11" conditionals="0" coveredconditionals="0" methods="2" coveredmethods="2" elements="13" coveredelements="13" complexity="0" loc="11" ncloc="11" packages="1" files="2" classes="2"/>
    <file name="capitalize.js" path="/home/han/project_testingpractice/capitalize.js">
      <metrics statements="3" coveredstatements="3" conditionals="0" coveredconditionals="0" methods="1" coveredmethods="1"/>
      <line num="2" count="2" type="stmt"/>
      <line num="5" count="1" type="stmt"/>
      <line num="7" count="1" type="stmt"/>
    </file>
    <file name="reverse.js" path="/home/han/project_testingpractice/reverse.js">
      <metrics statements="8" coveredstatements="8" conditionals="0" coveredconditionals="0" methods="1" coveredmethods="1"/>
      <line num="2" count="2" type="stmt"/>
      <line num="3" count="2" type="stmt"/>
      <line num="5" count="2" type="stmt"/>
      <line num="6" count="13" type="stmt"/>
      <line num="9" count="2" type="stmt"/>
      <line num="11" count="2" type="stmt"/>
      <line num="14" count="1" type="stmt"/>
      <line num="16" count="1" type="stmt"/>
    </file>
  </project>
</coverage>
