{"/home/han/project_testingpractice/caesarcipher.js": {"path":"/home/han/project_testingpractice/caesarcipher.js","statementMap":{"0":{"start":{"line":2,"column":18},"end":{"line":2,"column":20}},"1":{"start":{"line":3,"column":17},"end":{"line":3,"column":19}},"2":{"start":{"line":5,"column":4},"end":{"line":32,"column":5}},"3":{"start":{"line":5,"column":17},"end":{"line":5,"column":18}},"4":{"start":{"line":7,"column":8},"end":{"line":29,"column":9}},"5":{"start":{"line":9,"column":16},"end":{"line":9,"column":35}},"6":{"start":{"line":10,"column":16},"end":{"line":10,"column":22}},"7":{"start":{"line":12,"column":16},"end":{"line":12,"column":35}},"8":{"start":{"line":13,"column":16},"end":{"line":13,"column":22}},"9":{"start":{"line":15,"column":16},"end":{"line":15,"column":35}},"10":{"start":{"line":16,"column":16},"end":{"line":16,"column":22}},"11":{"start":{"line":18,"column":16},"end":{"line":18,"column":35}},"12":{"start":{"line":19,"column":16},"end":{"line":19,"column":22}},"13":{"start":{"line":21,"column":16},"end":{"line":21,"column":35}},"14":{"start":{"line":22,"column":16},"end":{"line":22,"column":22}},"15":{"start":{"line":24,"column":16},"end":{"line":24,"column":35}},"16":{"start":{"line":25,"column":16},"end":{"line":25,"column":22}},"17":{"start":{"line":27,"column":16},"end":{"line":27,"column":50}},"18":{"start":{"line":28,"column":16},"end":{"line":28,"column":22}},"19":{"start":{"line":34,"column":4},"end":{"line":36,"column":6}},"20":{"start":{"line":35,"column":8},"end":{"line":35,"column":47}},"21":{"start":{"line":38,"column":4},"end":{"line":38,"column":27}},"22":{"start":{"line":41,"column":0},"end":{"line":41,"column":30}}},"fnMap":{"0":{"name":"caesarCipher","decl":{"start":{"line":1,"column":9},"end":{"line":1,"column":21}},"loc":{"start":{"line":1,"column":25},"end":{"line":39,"column":1}},"line":1},"1":{"name":"(anonymous_1)","decl":{"start":{"line":34,"column":16},"end":{"line":34,"column":17}},"loc":{"start":{"line":34,"column":33},"end":{"line":36,"column":5}},"line":34}},"branchMap":{"0":{"loc":{"start":{"line":7,"column":8},"end":{"line":29,"column":9}},"type":"switch","locations":[{"start":{"line":8,"column":12},"end":{"line":10,"column":22}},{"start":{"line":11,"column":12},"end":{"line":13,"column":22}},{"start":{"line":14,"column":12},"end":{"line":16,"column":22}},{"start":{"line":17,"column":12},"end":{"line":19,"column":22}},{"start":{"line":20,"column":12},"end":{"line":22,"column":22}},{"start":{"line":23,"column":12},"end":{"line":25,"column":22}},{"start":{"line":26,"column":12},"end":{"line":28,"column":22}}],"line":7}},"s":{"0":1,"1":1,"2":1,"3":1,"4":13,"5":0,"6":0,"7":0,"8":0,"9":0,"10":0,"11":1,"12":1,"13":1,"14":1,"15":1,"16":1,"17":10,"18":10,"19":1,"20":13,"21":1,"22":1},"f":{"0":1,"1":13},"b":{"0":[0,0,0,1,1,1,10]},"_coverageSchema":"1a1c01bbd47fc00a2c39e90264f33305004495a9","hash":"29bc5a256cdc6faced6c57a0559efb943ee51420"}
,"/home/han/project_testingpractice/calculator.js": {"path":"/home/han/project_testingpractice/calculator.js","statementMap":{"0":{"start":{"line":1,"column":21},"end":{"line":18,"column":1}},"1":{"start":{"line":4,"column":8},"end":{"line":4,"column":21}},"2":{"start":{"line":8,"column":8},"end":{"line":8,"column":21}},"3":{"start":{"line":12,"column":8},"end":{"line":12,"column":21}},"4":{"start":{"line":16,"column":8},"end":{"line":16,"column":21}},"5":{"start":{"line":20,"column":0},"end":{"line":20,"column":30}}},"fnMap":{"0":{"name":"(anonymous_0)","decl":{"start":{"line":3,"column":4},"end":{"line":3,"column":5}},"loc":{"start":{"line":3,"column":14},"end":{"line":5,"column":5}},"line":3},"1":{"name":"(anonymous_1)","decl":{"start":{"line":7,"column":4},"end":{"line":7,"column":5}},"loc":{"start":{"line":7,"column":20},"end":{"line":9,"column":5}},"line":7},"2":{"name":"(anonymous_2)","decl":{"start":{"line":11,"column":4},"end":{"line":11,"column":5}},"loc":{"start":{"line":11,"column":17},"end":{"line":13,"column":5}},"line":11},"3":{"name":"(anonymous_3)","decl":{"start":{"line":15,"column":4},"end":{"line":15,"column":5}},"loc":{"start":{"line":15,"column":19},"end":{"line":17,"column":5}},"line":15}},"branchMap":{},"s":{"0":1,"1":1,"2":1,"3":1,"4":1,"5":1},"f":{"0":1,"1":1,"2":1,"3":1},"b":{},"_coverageSchema":"1a1c01bbd47fc00a2c39e90264f33305004495a9","hash":"c8b30966bc4925b063be68a8a947c202cbe665d0"}
,"/home/han/project_testingpractice/capitalize.js": {"path":"/home/han/project_testingpractice/capitalize.js","statementMap":{"0":{"start":{"line":2,"column":4},"end":{"line":2,"column":49}},"1":{"start":{"line":5,"column":0},"end":{"line":5,"column":40}},"2":{"start":{"line":7,"column":0},"end":{"line":7,"column":34}}},"fnMap":{"0":{"name":"capitalizeString","decl":{"start":{"line":1,"column":9},"end":{"line":1,"column":25}},"loc":{"start":{"line":1,"column":29},"end":{"line":3,"column":1}},"line":1}},"branchMap":{},"s":{"0":2,"1":1,"2":1},"f":{"0":2},"b":{},"_coverageSchema":"1a1c01bbd47fc00a2c39e90264f33305004495a9","hash":"cdc387b5c2863e703bf1908988a14dfbf17439ce"}
,"/home/han/project_testingpractice/reverse.js": {"path":"/home/han/project_testingpractice/reverse.js","statementMap":{"0":{"start":{"line":2,"column":18},"end":{"line":2,"column":20}},"1":{"start":{"line":3,"column":17},"end":{"line":3,"column":19}},"2":{"start":{"line":5,"column":4},"end":{"line":7,"column":5}},"3":{"start":{"line":5,"column":17},"end":{"line":5,"column":25}},"4":{"start":{"line":6,"column":8},"end":{"line":6,"column":27}},"5":{"start":{"line":9,"column":4},"end":{"line":9,"column":30}},"6":{"start":{"line":11,"column":4},"end":{"line":11,"column":18}},"7":{"start":{"line":14,"column":0},"end":{"line":14,"column":36}},"8":{"start":{"line":16,"column":0},"end":{"line":16,"column":31}}},"fnMap":{"0":{"name":"reverseString","decl":{"start":{"line":1,"column":9},"end":{"line":1,"column":22}},"loc":{"start":{"line":1,"column":26},"end":{"line":12,"column":1}},"line":1}},"branchMap":{},"s":{"0":2,"1":2,"2":2,"3":2,"4":13,"5":2,"6":2,"7":1,"8":1},"f":{"0":2},"b":{},"_coverageSchema":"1a1c01bbd47fc00a2c39e90264f33305004495a9","hash":"c6a8cf5d2e63cdaf409052f31b1332a8f723cb5b"}
}
