TN:
SF:analyzearray.js
FN:1,analyzeArray
FN:6,(anonymous_1)
FNF:2
FNH:2
FNDA:1,analyzeArray
FNDA:5,(anonymous_1)
DA:3,1
DA:6,5
DA:10,1
DA:13,1
LF:4
LH:4
BRF:0
BRH:0
end_of_record
TN:
SF:caesarcipher.js
FN:1,caesarCipher
FN:34,(anonymous_1)
FNF:2
FNH:2
FNDA:1,caesarCipher
FNDA:13,(anonymous_1)
DA:2,1
DA:3,1
DA:5,1
DA:7,13
DA:9,0
DA:10,0
DA:12,0
DA:13,0
DA:15,0
DA:16,0
DA:18,1
DA:19,1
DA:21,1
DA:22,1
DA:24,1
DA:25,1
DA:27,10
DA:28,10
DA:34,1
DA:35,13
DA:38,1
DA:41,1
LF:22
LH:16
BRDA:7,0,0,0
BRDA:7,0,1,0
BRDA:7,0,2,0
BRDA:7,0,3,1
BRDA:7,0,4,1
BRDA:7,0,5,1
BRDA:7,0,6,10
BRF:7
BRH:4
end_of_record
TN:
SF:calculator.js
FN:3,(anonymous_0)
FN:7,(anonymous_1)
FN:11,(anonymous_2)
FN:15,(anonymous_3)
FNF:4
FNH:4
FNDA:1,(anonymous_0)
FNDA:1,(anonymous_1)
FNDA:1,(anonymous_2)
FNDA:1,(anonymous_3)
DA:1,1
DA:4,1
DA:8,1
DA:12,1
DA:16,1
DA:20,1
LF:6
LH:6
BRF:0
BRH:0
end_of_record
TN:
SF:capitalize.js
FN:1,capitalizeString
FNF:1
FNH:1
FNDA:2,capitalizeString
DA:2,2
DA:5,1
DA:7,1
LF:3
LH:3
BRF:0
BRH:0
end_of_record
TN:
SF:reverse.js
FN:1,reverseString
FNF:1
FNH:1
FNDA:2,reverseString
DA:2,2
DA:3,2
DA:5,2
DA:6,13
DA:9,2
DA:11,2
DA:14,1
DA:16,1
LF:8
LH:8
BRF:0
BRH:0
end_of_record
